0 info it worked if it ends with ok
1 verbose cli [ '/usr/bin/nodejs',
1 verbose cli   '/usr/bin/npm',
1 verbose cli   'install',
1 verbose cli   'ng2-bootstrap',
1 verbose cli   '--save' ]
2 info using npm@3.10.3
3 info using node@v6.7.0
4 verbose config Skipping project config: /home/gustavo/.npmrc. (matches userconfig)
5 silly loadCurrentTree Starting
6 silly install loadCurrentTree
7 silly install readLocalPackageData
8 silly fetchPackageMetaData ng2-bootstrap
9 silly fetchNamedPackageData ng2-bootstrap
10 silly mapToRegistry name ng2-bootstrap
11 silly mapToRegistry using default registry
12 silly mapToRegistry registry https://registry.npmjs.org/
13 silly mapToRegistry data Result {
13 silly mapToRegistry   raw: 'ng2-bootstrap',
13 silly mapToRegistry   scope: null,
13 silly mapToRegistry   escapedName: 'ng2-bootstrap',
13 silly mapToRegistry   name: 'ng2-bootstrap',
13 silly mapToRegistry   rawSpec: '',
13 silly mapToRegistry   spec: 'latest',
13 silly mapToRegistry   type: 'tag' }
14 silly mapToRegistry uri https://registry.npmjs.org/ng2-bootstrap
15 verbose request uri https://registry.npmjs.org/ng2-bootstrap
16 verbose request no auth needed
17 info attempt registry request try #1 at 11:11:25 AM
18 verbose request id efb58484892cb71e
19 http request GET https://registry.npmjs.org/ng2-bootstrap
20 http 200 https://registry.npmjs.org/ng2-bootstrap
21 verbose headers { server: 'CouchDB/1.6.1 (Erlang OTP/R16B03)',
21 verbose headers   etag: '"7U5YN1BH1ULC5CQPW5CWLA6FJ"',
21 verbose headers   'content-type': 'application/json',
21 verbose headers   'content-encoding': 'gzip',
21 verbose headers   'cache-control': 'max-age=300',
21 verbose headers   'content-length': '23799',
21 verbose headers   'accept-ranges': 'bytes',
21 verbose headers   date: 'Mon, 03 Oct 2016 14:11:26 GMT',
21 verbose headers   via: '1.1 varnish',
21 verbose headers   age: '105',
21 verbose headers   connection: 'keep-alive',
21 verbose headers   'x-served-by': 'cache-iad2620-IAD',
21 verbose headers   'x-cache': 'HIT',
21 verbose headers   'x-cache-hits': '1',
21 verbose headers   'x-timer': 'S1475503886.774129,VS0,VE0',
21 verbose headers   vary: 'Accept-Encoding' }
22 silly get cb [ 200,
22 silly get   { server: 'CouchDB/1.6.1 (Erlang OTP/R16B03)',
22 silly get     etag: '"7U5YN1BH1ULC5CQPW5CWLA6FJ"',
22 silly get     'content-type': 'application/json',
22 silly get     'content-encoding': 'gzip',
22 silly get     'cache-control': 'max-age=300',
22 silly get     'content-length': '23799',
22 silly get     'accept-ranges': 'bytes',
22 silly get     date: 'Mon, 03 Oct 2016 14:11:26 GMT',
22 silly get     via: '1.1 varnish',
22 silly get     age: '105',
22 silly get     connection: 'keep-alive',
22 silly get     'x-served-by': 'cache-iad2620-IAD',
22 silly get     'x-cache': 'HIT',
22 silly get     'x-cache-hits': '1',
22 silly get     'x-timer': 'S1475503886.774129,VS0,VE0',
22 silly get     vary: 'Accept-Encoding' } ]
23 verbose get saving ng2-bootstrap to /home/gustavo/.npm/registry.npmjs.org/ng2-bootstrap/.cache.json
24 verbose correctMkdir /home/gustavo/.npm correctMkdir not in flight; initializing
25 silly install normalizeTree
26 silly loadCurrentTree Finishing
27 silly loadIdealTree Starting
28 silly install loadIdealTree
29 silly cloneCurrentTree Starting
30 silly install cloneCurrentTreeToIdealTree
31 silly cloneCurrentTree Finishing
32 silly loadShrinkwrap Starting
33 silly install loadShrinkwrap
34 silly loadShrinkwrap Finishing
35 silly loadAllDepsIntoIdealTree Starting
36 silly install loadAllDepsIntoIdealTree
37 silly resolveWithNewModule ng2-bootstrap@1.1.5 checking installable status
38 silly cache add args [ 'ng2-bootstrap', null ]
39 verbose cache add spec ng2-bootstrap
40 silly cache add parsed spec Result {
40 silly cache add   raw: 'ng2-bootstrap',
40 silly cache add   scope: null,
40 silly cache add   escapedName: 'ng2-bootstrap',
40 silly cache add   name: 'ng2-bootstrap',
40 silly cache add   rawSpec: '',
40 silly cache add   spec: 'latest',
40 silly cache add   type: 'tag' }
41 silly addNamed ng2-bootstrap@latest
42 verbose addNamed "latest" is being treated as a dist-tag for ng2-bootstrap
43 info addNameTag [ 'ng2-bootstrap', 'latest' ]
44 silly mapToRegistry name ng2-bootstrap
45 silly mapToRegistry using default registry
46 silly mapToRegistry registry https://registry.npmjs.org/
47 silly mapToRegistry data Result {
47 silly mapToRegistry   raw: 'ng2-bootstrap',
47 silly mapToRegistry   scope: null,
47 silly mapToRegistry   escapedName: 'ng2-bootstrap',
47 silly mapToRegistry   name: 'ng2-bootstrap',
47 silly mapToRegistry   rawSpec: '',
47 silly mapToRegistry   spec: 'latest',
47 silly mapToRegistry   type: 'tag' }
48 silly mapToRegistry uri https://registry.npmjs.org/ng2-bootstrap
49 verbose addNameTag registry:https://registry.npmjs.org/ng2-bootstrap not in flight; fetching
50 verbose get https://registry.npmjs.org/ng2-bootstrap not expired, no request
51 silly addNameTag next cb for ng2-bootstrap with tag latest
52 silly addNamed ng2-bootstrap@1.1.5
53 verbose addNamed "1.1.5" is a plain semver version for ng2-bootstrap
54 silly mapToRegistry name ng2-bootstrap
55 silly mapToRegistry using default registry
56 silly mapToRegistry registry https://registry.npmjs.org/
57 silly mapToRegistry data Result {
57 silly mapToRegistry   raw: 'ng2-bootstrap',
57 silly mapToRegistry   scope: null,
57 silly mapToRegistry   escapedName: 'ng2-bootstrap',
57 silly mapToRegistry   name: 'ng2-bootstrap',
57 silly mapToRegistry   rawSpec: '',
57 silly mapToRegistry   spec: 'latest',
57 silly mapToRegistry   type: 'tag' }
58 silly mapToRegistry uri https://registry.npmjs.org/ng2-bootstrap
59 verbose addRemoteTarball https://registry.npmjs.org/ng2-bootstrap/-/ng2-bootstrap-1.1.5.tgz not in flight; adding
60 verbose addRemoteTarball [ 'https://registry.npmjs.org/ng2-bootstrap/-/ng2-bootstrap-1.1.5.tgz',
60 verbose addRemoteTarball   '76057f1b0e96bb15af0951037647bbb7bf17a34c' ]
61 info retry fetch attempt 1 at 11:11:27 AM
62 info attempt registry request try #1 at 11:11:27 AM
63 http fetch GET https://registry.npmjs.org/ng2-bootstrap/-/ng2-bootstrap-1.1.5.tgz
64 http fetch 200 https://registry.npmjs.org/ng2-bootstrap/-/ng2-bootstrap-1.1.5.tgz
65 silly fetchAndShaCheck shasum 76057f1b0e96bb15af0951037647bbb7bf17a34c
66 verbose addTmpTarball /tmp/npm-13863-b1466bd5/registry.npmjs.org/ng2-bootstrap/-/ng2-bootstrap-1.1.5.tgz not in flight; adding
67 verbose addTmpTarball already have metadata; skipping unpack for ng2-bootstrap@1.1.5
68 verbose correctMkdir /home/gustavo/.npm correctMkdir not in flight; initializing
69 silly cache afterAdd ng2-bootstrap@1.1.5
70 verbose afterAdd /home/gustavo/.npm/ng2-bootstrap/1.1.5/package/package.json not in flight; writing
71 verbose correctMkdir /home/gustavo/.npm correctMkdir not in flight; initializing
72 verbose afterAdd /home/gustavo/.npm/ng2-bootstrap/1.1.5/package/package.json written
73 silly fetchNamedPackageData moment
74 silly mapToRegistry name moment
75 silly mapToRegistry using default registry
76 silly mapToRegistry registry https://registry.npmjs.org/
77 silly mapToRegistry data Result {
77 silly mapToRegistry   raw: 'moment',
77 silly mapToRegistry   scope: null,
77 silly mapToRegistry   escapedName: 'moment',
77 silly mapToRegistry   name: 'moment',
77 silly mapToRegistry   rawSpec: '',
77 silly mapToRegistry   spec: 'latest',
77 silly mapToRegistry   type: 'tag' }
78 silly mapToRegistry uri https://registry.npmjs.org/moment
79 verbose request uri https://registry.npmjs.org/moment
80 verbose request no auth needed
81 info attempt registry request try #1 at 11:11:28 AM
82 http request GET https://registry.npmjs.org/moment
83 http 200 https://registry.npmjs.org/moment
84 verbose headers { server: 'CouchDB/1.5.0 (Erlang OTP/R16B03)',
84 verbose headers   etag: '"FKUV9LBKPRQQF0G66WMH4NGT"',
84 verbose headers   'content-type': 'application/json',
84 verbose headers   'content-encoding': 'gzip',
84 verbose headers   'cache-control': 'max-age=300',
84 verbose headers   'content-length': '13049',
84 verbose headers   'accept-ranges': 'bytes',
84 verbose headers   date: 'Mon, 03 Oct 2016 14:11:28 GMT',
84 verbose headers   via: '1.1 varnish',
84 verbose headers   age: '158',
84 verbose headers   connection: 'keep-alive',
84 verbose headers   'x-served-by': 'cache-iad2620-IAD',
84 verbose headers   'x-cache': 'HIT',
84 verbose headers   'x-cache-hits': '2',
84 verbose headers   'x-timer': 'S1475503888.189165,VS0,VE0',
84 verbose headers   vary: 'Accept-Encoding' }
85 silly get cb [ 200,
85 silly get   { server: 'CouchDB/1.5.0 (Erlang OTP/R16B03)',
85 silly get     etag: '"FKUV9LBKPRQQF0G66WMH4NGT"',
85 silly get     'content-type': 'application/json',
85 silly get     'content-encoding': 'gzip',
85 silly get     'cache-control': 'max-age=300',
85 silly get     'content-length': '13049',
85 silly get     'accept-ranges': 'bytes',
85 silly get     date: 'Mon, 03 Oct 2016 14:11:28 GMT',
85 silly get     via: '1.1 varnish',
85 silly get     age: '158',
85 silly get     connection: 'keep-alive',
85 silly get     'x-served-by': 'cache-iad2620-IAD',
85 silly get     'x-cache': 'HIT',
85 silly get     'x-cache-hits': '2',
85 silly get     'x-timer': 'S1475503888.189165,VS0,VE0',
85 silly get     vary: 'Accept-Encoding' } ]
86 verbose get saving moment to /home/gustavo/.npm/registry.npmjs.org/moment/.cache.json
87 verbose correctMkdir /home/gustavo/.npm correctMkdir not in flight; initializing
88 silly resolveWithNewModule moment@2.15.0 checking installable status
89 silly cache add args [ 'moment@2.15.0', null ]
90 verbose cache add spec moment@2.15.0
91 silly cache add parsed spec Result {
91 silly cache add   raw: 'moment@2.15.0',
91 silly cache add   scope: null,
91 silly cache add   escapedName: 'moment',
91 silly cache add   name: 'moment',
91 silly cache add   rawSpec: '2.15.0',
91 silly cache add   spec: '2.15.0',
91 silly cache add   type: 'version' }
92 silly addNamed moment@2.15.0
93 verbose addNamed "2.15.0" is a plain semver version for moment
94 silly mapToRegistry name moment
95 silly mapToRegistry using default registry
96 silly mapToRegistry registry https://registry.npmjs.org/
97 silly mapToRegistry data Result {
97 silly mapToRegistry   raw: 'moment',
97 silly mapToRegistry   scope: null,
97 silly mapToRegistry   escapedName: 'moment',
97 silly mapToRegistry   name: 'moment',
97 silly mapToRegistry   rawSpec: '',
97 silly mapToRegistry   spec: 'latest',
97 silly mapToRegistry   type: 'tag' }
98 silly mapToRegistry uri https://registry.npmjs.org/moment
99 verbose addNameVersion registry:https://registry.npmjs.org/moment not in flight; fetching
100 verbose get https://registry.npmjs.org/moment not expired, no request
101 silly mapToRegistry name moment
102 silly mapToRegistry using default registry
103 silly mapToRegistry registry https://registry.npmjs.org/
104 silly mapToRegistry data Result {
104 silly mapToRegistry   raw: 'moment',
104 silly mapToRegistry   scope: null,
104 silly mapToRegistry   escapedName: 'moment',
104 silly mapToRegistry   name: 'moment',
104 silly mapToRegistry   rawSpec: '',
104 silly mapToRegistry   spec: 'latest',
104 silly mapToRegistry   type: 'tag' }
105 silly mapToRegistry uri https://registry.npmjs.org/moment
106 verbose addRemoteTarball https://registry.npmjs.org/moment/-/moment-2.15.0.tgz not in flight; adding
107 verbose addRemoteTarball [ 'https://registry.npmjs.org/moment/-/moment-2.15.0.tgz',
107 verbose addRemoteTarball   'cc9e33958bf4a99dea7111d5e62ed3c13fc96440' ]
108 info retry fetch attempt 1 at 11:11:28 AM
109 info attempt registry request try #1 at 11:11:28 AM
110 http fetch GET https://registry.npmjs.org/moment/-/moment-2.15.0.tgz
111 http fetch 200 https://registry.npmjs.org/moment/-/moment-2.15.0.tgz
112 silly fetchAndShaCheck shasum cc9e33958bf4a99dea7111d5e62ed3c13fc96440
113 verbose addTmpTarball /tmp/npm-13863-b1466bd5/registry.npmjs.org/moment/-/moment-2.15.0.tgz not in flight; adding
114 verbose addTmpTarball already have metadata; skipping unpack for moment@2.15.0
115 verbose correctMkdir /home/gustavo/.npm correctMkdir not in flight; initializing
116 silly cache afterAdd moment@2.15.0
117 verbose afterAdd /home/gustavo/.npm/moment/2.15.0/package/package.json not in flight; writing
118 verbose correctMkdir /home/gustavo/.npm correctMkdir not in flight; initializing
119 verbose afterAdd /home/gustavo/.npm/moment/2.15.0/package/package.json written
120 silly loadAllDepsIntoIdealTree Finishing
121 silly loadIdealTree Finishing
122 silly currentTree gustavo
122 silly currentTree └── typescript@1.8.10
123 silly idealTree gustavo
123 silly idealTree ├── moment@2.15.0
123 silly idealTree ├── ng2-bootstrap@1.1.5
123 silly idealTree └── typescript@1.8.10
124 silly generateActionsToTake Starting
125 silly install generateActionsToTake
126 warn checkPermissions Missing write access to /home/gustavo/node_modules
127 silly rollbackFailedOptional Starting
128 silly rollbackFailedOptional Finishing
129 silly runTopLevelLifecycles Starting
130 silly runTopLevelLifecycles Finishing
131 silly install printInstalled
132 warn enoent ENOENT: no such file or directory, open '/home/gustavo/package.json'
133 warn ng2-bootstrap@1.1.5 requires a peer of @angular/common@2.0.0 but none was installed.
134 warn ng2-bootstrap@1.1.5 requires a peer of @angular/compiler@2.0.0 but none was installed.
135 warn ng2-bootstrap@1.1.5 requires a peer of @angular/core@2.0.0 but none was installed.
136 warn ng2-bootstrap@1.1.5 requires a peer of @angular/forms@2.0.0 but none was installed.
137 warn gustavo No description
138 warn gustavo No repository field.
139 warn gustavo No README data
140 warn gustavo No license field.
141 verbose stack Error: EACCES: permission denied, access '/home/gustavo/node_modules'
141 verbose stack     at Error (native)
142 verbose cwd /home/gustavo/projects/seeds
143 error Linux 4.4.0-38-generic
144 error argv "/usr/bin/nodejs" "/usr/bin/npm" "install" "ng2-bootstrap" "--save"
145 error node v6.7.0
146 error npm  v3.10.3
147 error path /home/gustavo/node_modules
148 error code EACCES
149 error errno -13
150 error syscall access
151 error Error: EACCES: permission denied, access '/home/gustavo/node_modules'
151 error     at Error (native)
151 error  { Error: EACCES: permission denied, access '/home/gustavo/node_modules'
151 error     at Error (native)
151 error   errno: -13,
151 error   code: 'EACCES',
151 error   syscall: 'access',
151 error   path: '/home/gustavo/node_modules' }
152 error Please try running this command again as root/Administrator.
153 verbose exit [ -13, true ]
